<?xml version="1.0" encoding="UTF-8"?>
<testsuite name="Regression Test"
           tests="3"
           failures="0"
           errors="0"
           skipped="0"
           time="4.059">
  <properties />
  
  
            <testcase name="verifyThatUserShouldLogInSuccessFullyWithValidCredentials" time="1.213" classname="com.tricentis.demowebshop.testsuite.LoginPageTest" />
                <testcase name="VerifyThatUserShouldLogOutSuccessFully" time="1.674" classname="com.tricentis.demowebshop.testsuite.LoginPageTest" />
                <testcase name="verifyTheErrorMessageWithInValidCredentials" time="1.172" classname="com.tricentis.demowebshop.testsuite.LoginPageTest" />
      
</testsuite>
